mode: atomic
github.com/hendrihmwn/crud-task-backend/main.go:15.13,23.16 6 0
github.com/hendrihmwn/crud-task-backend/main.go:23.16,25.3 1 0
github.com/hendrihmwn/crud-task-backend/main.go:26.2,72.9 5 0
github.com/hendrihmwn/crud-task-backend/handler/interfaces/mocks/auth_use_case.go:22.55,24.2 1 0
github.com/hendrihmwn/crud-task-backend/handler/interfaces/mocks/auth_use_case.go:27.103,30.19 2 0
github.com/hendrihmwn/crud-task-backend/handler/interfaces/mocks/auth_use_case.go:30.19,31.47 1 0
github.com/hendrihmwn/crud-task-backend/handler/interfaces/mocks/auth_use_case.go:34.2,36.100 3 0
github.com/hendrihmwn/crud-task-backend/handler/interfaces/mocks/auth_use_case.go:36.100,38.3 1 0
github.com/hendrihmwn/crud-task-backend/handler/interfaces/mocks/auth_use_case.go:39.2,39.91 1 0
github.com/hendrihmwn/crud-task-backend/handler/interfaces/mocks/auth_use_case.go:39.91,41.3 1 0
github.com/hendrihmwn/crud-task-backend/handler/interfaces/mocks/auth_use_case.go:41.8,43.3 1 0
github.com/hendrihmwn/crud-task-backend/handler/interfaces/mocks/auth_use_case.go:45.2,45.78 1 0
github.com/hendrihmwn/crud-task-backend/handler/interfaces/mocks/auth_use_case.go:45.78,47.3 1 0
github.com/hendrihmwn/crud-task-backend/handler/interfaces/mocks/auth_use_case.go:47.8,49.3 1 0
github.com/hendrihmwn/crud-task-backend/handler/interfaces/mocks/auth_use_case.go:51.2,51.15 1 0
github.com/hendrihmwn/crud-task-backend/handler/interfaces/mocks/auth_use_case.go:62.99,64.2 1 0
github.com/hendrihmwn/crud-task-backend/handler/interfaces/mocks/auth_use_case.go:66.118,67.40 1 0
github.com/hendrihmwn/crud-task-backend/handler/interfaces/mocks/auth_use_case.go:67.40,69.3 1 0
github.com/hendrihmwn/crud-task-backend/handler/interfaces/mocks/auth_use_case.go:70.2,70.11 1 0
github.com/hendrihmwn/crud-task-backend/handler/interfaces/mocks/auth_use_case.go:73.101,76.2 2 0
github.com/hendrihmwn/crud-task-backend/handler/interfaces/mocks/auth_use_case.go:78.145,81.2 2 0
github.com/hendrihmwn/crud-task-backend/handler/interfaces/mocks/auth_use_case.go:88.17,92.19 3 0
github.com/hendrihmwn/crud-task-backend/handler/interfaces/mocks/auth_use_case.go:92.19,92.49 1 0
github.com/hendrihmwn/crud-task-backend/handler/interfaces/mocks/auth_use_case.go:94.2,94.13 1 0
github.com/hendrihmwn/crud-task-backend/handler/interfaces/mocks/task_use_case.go:22.55,24.2 1 0
github.com/hendrihmwn/crud-task-backend/handler/interfaces/mocks/task_use_case.go:27.111,30.19 2 0
github.com/hendrihmwn/crud-task-backend/handler/interfaces/mocks/task_use_case.go:30.19,31.52 1 0
github.com/hendrihmwn/crud-task-backend/handler/interfaces/mocks/task_use_case.go:34.2,36.104 3 0
github.com/hendrihmwn/crud-task-backend/handler/interfaces/mocks/task_use_case.go:36.104,38.3 1 0
github.com/hendrihmwn/crud-task-backend/handler/interfaces/mocks/task_use_case.go:39.2,39.95 1 0
github.com/hendrihmwn/crud-task-backend/handler/interfaces/mocks/task_use_case.go:39.95,41.3 1 0
github.com/hendrihmwn/crud-task-backend/handler/interfaces/mocks/task_use_case.go:41.8,42.24 1 0
github.com/hendrihmwn/crud-task-backend/handler/interfaces/mocks/task_use_case.go:42.24,44.4 1 0
github.com/hendrihmwn/crud-task-backend/handler/interfaces/mocks/task_use_case.go:47.2,47.81 1 0
github.com/hendrihmwn/crud-task-backend/handler/interfaces/mocks/task_use_case.go:47.81,49.3 1 0
github.com/hendrihmwn/crud-task-backend/handler/interfaces/mocks/task_use_case.go:49.8,51.3 1 0
github.com/hendrihmwn/crud-task-backend/handler/interfaces/mocks/task_use_case.go:53.2,53.15 1 0
github.com/hendrihmwn/crud-task-backend/handler/interfaces/mocks/task_use_case.go:64.108,66.2 1 0
github.com/hendrihmwn/crud-task-backend/handler/interfaces/mocks/task_use_case.go:68.130,69.40 1 0
github.com/hendrihmwn/crud-task-backend/handler/interfaces/mocks/task_use_case.go:69.40,71.3 1 0
github.com/hendrihmwn/crud-task-backend/handler/interfaces/mocks/task_use_case.go:72.2,72.11 1 0
github.com/hendrihmwn/crud-task-backend/handler/interfaces/mocks/task_use_case.go:75.112,78.2 2 0
github.com/hendrihmwn/crud-task-backend/handler/interfaces/mocks/task_use_case.go:80.159,83.2 2 0
github.com/hendrihmwn/crud-task-backend/handler/interfaces/mocks/task_use_case.go:86.73,89.19 2 0
github.com/hendrihmwn/crud-task-backend/handler/interfaces/mocks/task_use_case.go:89.19,90.52 1 0
github.com/hendrihmwn/crud-task-backend/handler/interfaces/mocks/task_use_case.go:93.2,94.68 2 0
github.com/hendrihmwn/crud-task-backend/handler/interfaces/mocks/task_use_case.go:94.68,96.3 1 0
github.com/hendrihmwn/crud-task-backend/handler/interfaces/mocks/task_use_case.go:96.8,98.3 1 0
github.com/hendrihmwn/crud-task-backend/handler/interfaces/mocks/task_use_case.go:100.2,100.11 1 0
github.com/hendrihmwn/crud-task-backend/handler/interfaces/mocks/task_use_case.go:111.106,113.2 1 0
github.com/hendrihmwn/crud-task-backend/handler/interfaces/mocks/task_use_case.go:115.115,116.40 1 0
github.com/hendrihmwn/crud-task-backend/handler/interfaces/mocks/task_use_case.go:116.40,118.3 1 0
github.com/hendrihmwn/crud-task-backend/handler/interfaces/mocks/task_use_case.go:119.2,119.11 1 0
github.com/hendrihmwn/crud-task-backend/handler/interfaces/mocks/task_use_case.go:122.87,125.2 2 0
github.com/hendrihmwn/crud-task-backend/handler/interfaces/mocks/task_use_case.go:127.123,130.2 2 0
github.com/hendrihmwn/crud-task-backend/handler/interfaces/mocks/task_use_case.go:133.93,136.19 2 0
github.com/hendrihmwn/crud-task-backend/handler/interfaces/mocks/task_use_case.go:136.19,137.49 1 0
github.com/hendrihmwn/crud-task-backend/handler/interfaces/mocks/task_use_case.go:140.2,142.91 3 0
github.com/hendrihmwn/crud-task-backend/handler/interfaces/mocks/task_use_case.go:142.91,144.3 1 0
github.com/hendrihmwn/crud-task-backend/handler/interfaces/mocks/task_use_case.go:145.2,145.82 1 0
github.com/hendrihmwn/crud-task-backend/handler/interfaces/mocks/task_use_case.go:145.82,147.3 1 0
github.com/hendrihmwn/crud-task-backend/handler/interfaces/mocks/task_use_case.go:147.8,148.24 1 0
github.com/hendrihmwn/crud-task-backend/handler/interfaces/mocks/task_use_case.go:148.24,150.4 1 0
github.com/hendrihmwn/crud-task-backend/handler/interfaces/mocks/task_use_case.go:153.2,153.68 1 0
github.com/hendrihmwn/crud-task-backend/handler/interfaces/mocks/task_use_case.go:153.68,155.3 1 0
github.com/hendrihmwn/crud-task-backend/handler/interfaces/mocks/task_use_case.go:155.8,157.3 1 0
github.com/hendrihmwn/crud-task-backend/handler/interfaces/mocks/task_use_case.go:159.2,159.15 1 0
github.com/hendrihmwn/crud-task-backend/handler/interfaces/mocks/task_use_case.go:170.100,172.2 1 0
github.com/hendrihmwn/crud-task-backend/handler/interfaces/mocks/task_use_case.go:174.109,175.40 1 0
github.com/hendrihmwn/crud-task-backend/handler/interfaces/mocks/task_use_case.go:175.40,177.3 1 0
github.com/hendrihmwn/crud-task-backend/handler/interfaces/mocks/task_use_case.go:178.2,178.11 1 0
github.com/hendrihmwn/crud-task-backend/handler/interfaces/mocks/task_use_case.go:181.106,184.2 2 0
github.com/hendrihmwn/crud-task-backend/handler/interfaces/mocks/task_use_case.go:186.140,189.2 2 0
github.com/hendrihmwn/crud-task-backend/handler/interfaces/mocks/task_use_case.go:192.116,195.19 2 0
github.com/hendrihmwn/crud-task-backend/handler/interfaces/mocks/task_use_case.go:195.19,196.50 1 0
github.com/hendrihmwn/crud-task-backend/handler/interfaces/mocks/task_use_case.go:199.2,202.110 4 0
github.com/hendrihmwn/crud-task-backend/handler/interfaces/mocks/task_use_case.go:202.110,204.3 1 0
github.com/hendrihmwn/crud-task-backend/handler/interfaces/mocks/task_use_case.go:205.2,205.96 1 0
github.com/hendrihmwn/crud-task-backend/handler/interfaces/mocks/task_use_case.go:205.96,207.3 1 0
github.com/hendrihmwn/crud-task-backend/handler/interfaces/mocks/task_use_case.go:207.8,208.24 1 0
github.com/hendrihmwn/crud-task-backend/handler/interfaces/mocks/task_use_case.go:208.24,210.4 1 0
github.com/hendrihmwn/crud-task-backend/handler/interfaces/mocks/task_use_case.go:213.2,213.79 1 0
github.com/hendrihmwn/crud-task-backend/handler/interfaces/mocks/task_use_case.go:213.79,215.3 1 0
github.com/hendrihmwn/crud-task-backend/handler/interfaces/mocks/task_use_case.go:215.8,217.3 1 0
github.com/hendrihmwn/crud-task-backend/handler/interfaces/mocks/task_use_case.go:219.2,219.81 1 0
github.com/hendrihmwn/crud-task-backend/handler/interfaces/mocks/task_use_case.go:219.81,221.3 1 0
github.com/hendrihmwn/crud-task-backend/handler/interfaces/mocks/task_use_case.go:221.8,223.3 1 0
github.com/hendrihmwn/crud-task-backend/handler/interfaces/mocks/task_use_case.go:225.2,225.19 1 0
github.com/hendrihmwn/crud-task-backend/handler/interfaces/mocks/task_use_case.go:236.105,238.2 1 0
github.com/hendrihmwn/crud-task-backend/handler/interfaces/mocks/task_use_case.go:240.127,241.40 1 0
github.com/hendrihmwn/crud-task-backend/handler/interfaces/mocks/task_use_case.go:241.40,243.3 1 0
github.com/hendrihmwn/crud-task-backend/handler/interfaces/mocks/task_use_case.go:244.2,244.11 1 0
github.com/hendrihmwn/crud-task-backend/handler/interfaces/mocks/task_use_case.go:247.119,250.2 2 0
github.com/hendrihmwn/crud-task-backend/handler/interfaces/mocks/task_use_case.go:252.161,255.2 2 0
github.com/hendrihmwn/crud-task-backend/handler/interfaces/mocks/task_use_case.go:258.122,261.19 2 0
github.com/hendrihmwn/crud-task-backend/handler/interfaces/mocks/task_use_case.go:261.19,262.52 1 0
github.com/hendrihmwn/crud-task-backend/handler/interfaces/mocks/task_use_case.go:265.2,267.112 3 0
github.com/hendrihmwn/crud-task-backend/handler/interfaces/mocks/task_use_case.go:267.112,269.3 1 0
github.com/hendrihmwn/crud-task-backend/handler/interfaces/mocks/task_use_case.go:270.2,270.103 1 0
github.com/hendrihmwn/crud-task-backend/handler/interfaces/mocks/task_use_case.go:270.103,272.3 1 0
github.com/hendrihmwn/crud-task-backend/handler/interfaces/mocks/task_use_case.go:272.8,273.24 1 0
github.com/hendrihmwn/crud-task-backend/handler/interfaces/mocks/task_use_case.go:273.24,275.4 1 0
github.com/hendrihmwn/crud-task-backend/handler/interfaces/mocks/task_use_case.go:278.2,278.89 1 0
github.com/hendrihmwn/crud-task-backend/handler/interfaces/mocks/task_use_case.go:278.89,280.3 1 0
github.com/hendrihmwn/crud-task-backend/handler/interfaces/mocks/task_use_case.go:280.8,282.3 1 0
github.com/hendrihmwn/crud-task-backend/handler/interfaces/mocks/task_use_case.go:284.2,284.15 1 0
github.com/hendrihmwn/crud-task-backend/handler/interfaces/mocks/task_use_case.go:296.124,298.2 1 0
github.com/hendrihmwn/crud-task-backend/handler/interfaces/mocks/task_use_case.go:300.141,301.40 1 0
github.com/hendrihmwn/crud-task-backend/handler/interfaces/mocks/task_use_case.go:301.40,303.3 1 0
github.com/hendrihmwn/crud-task-backend/handler/interfaces/mocks/task_use_case.go:304.2,304.11 1 0
github.com/hendrihmwn/crud-task-backend/handler/interfaces/mocks/task_use_case.go:307.112,310.2 2 0
github.com/hendrihmwn/crud-task-backend/handler/interfaces/mocks/task_use_case.go:312.167,315.2 2 0
github.com/hendrihmwn/crud-task-backend/handler/interfaces/mocks/task_use_case.go:322.17,326.19 3 0
github.com/hendrihmwn/crud-task-backend/handler/interfaces/mocks/task_use_case.go:326.19,326.49 1 0
github.com/hendrihmwn/crud-task-backend/handler/interfaces/mocks/task_use_case.go:328.2,328.13 1 0
github.com/hendrihmwn/crud-task-backend/helper/config.go:14.26,16.16 2 0
github.com/hendrihmwn/crud-task-backend/helper/config.go:16.16,18.3 1 0
github.com/hendrihmwn/crud-task-backend/helper/config.go:20.2,23.3 1 0
github.com/hendrihmwn/crud-task-backend/repository/mongo/task.go:19.87,24.2 3 0
github.com/hendrihmwn/crud-task-backend/repository/mongo/task.go:26.71,44.2 4 0
github.com/hendrihmwn/crud-task-backend/repository/mongo/task.go:46.100,48.16 2 0
github.com/hendrihmwn/crud-task-backend/repository/mongo/task.go:48.16,50.3 1 0
github.com/hendrihmwn/crud-task-backend/repository/mongo/task.go:51.2,53.21 3 0
github.com/hendrihmwn/crud-task-backend/repository/mongo/task.go:53.21,55.3 1 0
github.com/hendrihmwn/crud-task-backend/repository/mongo/task.go:56.2,57.16 2 0
github.com/hendrihmwn/crud-task-backend/repository/mongo/task.go:57.16,59.3 1 0
github.com/hendrihmwn/crud-task-backend/repository/mongo/task.go:60.2,60.17 1 0
github.com/hendrihmwn/crud-task-backend/repository/mongo/task.go:63.95,66.16 3 0
github.com/hendrihmwn/crud-task-backend/repository/mongo/task.go:66.16,68.3 1 0
github.com/hendrihmwn/crud-task-backend/repository/mongo/task.go:69.2,69.75 1 0
github.com/hendrihmwn/crud-task-backend/repository/mongo/task.go:69.75,71.3 1 0
github.com/hendrihmwn/crud-task-backend/repository/mongo/task.go:72.2,72.16 1 0
github.com/hendrihmwn/crud-task-backend/repository/mongo/task.go:75.168,76.19 1 0
github.com/hendrihmwn/crud-task-backend/repository/mongo/task.go:76.19,78.3 1 0
github.com/hendrihmwn/crud-task-backend/repository/mongo/task.go:81.2,81.22 1 0
github.com/hendrihmwn/crud-task-backend/repository/mongo/task.go:81.22,85.23 2 0
github.com/hendrihmwn/crud-task-backend/repository/mongo/task.go:85.23,87.4 1 0
github.com/hendrihmwn/crud-task-backend/repository/mongo/task.go:87.9,89.4 1 0
github.com/hendrihmwn/crud-task-backend/repository/mongo/task.go:93.2,94.16 2 0
github.com/hendrihmwn/crud-task-backend/repository/mongo/task.go:94.16,96.3 1 0
github.com/hendrihmwn/crud-task-backend/repository/mongo/task.go:98.2,101.15 2 0
github.com/hendrihmwn/crud-task-backend/repository/mongo/task.go:101.15,102.16 1 0
github.com/hendrihmwn/crud-task-backend/repository/mongo/task.go:102.16,104.4 1 0
github.com/hendrihmwn/crud-task-backend/repository/mongo/task.go:105.3,107.24 3 0
github.com/hendrihmwn/crud-task-backend/repository/mongo/task.go:111.2,111.21 1 0
github.com/hendrihmwn/crud-task-backend/repository/mongo/task.go:111.21,112.40 1 0
github.com/hendrihmwn/crud-task-backend/repository/mongo/task.go:112.40,114.4 1 0
github.com/hendrihmwn/crud-task-backend/repository/mongo/task.go:115.3,115.61 1 0
github.com/hendrihmwn/crud-task-backend/repository/mongo/task.go:118.2,119.16 2 0
github.com/hendrihmwn/crud-task-backend/repository/mongo/task.go:119.16,121.3 1 0
github.com/hendrihmwn/crud-task-backend/repository/mongo/task.go:122.2,125.20 3 0
github.com/hendrihmwn/crud-task-backend/repository/mongo/task.go:125.20,127.40 2 0
github.com/hendrihmwn/crud-task-backend/repository/mongo/task.go:127.40,129.4 1 0
github.com/hendrihmwn/crud-task-backend/repository/mongo/task.go:130.3,130.30 1 0
github.com/hendrihmwn/crud-task-backend/repository/mongo/task.go:132.2,132.34 1 0
github.com/hendrihmwn/crud-task-backend/repository/mongo/task.go:132.34,134.3 1 0
github.com/hendrihmwn/crud-task-backend/repository/mongo/task.go:135.2,135.27 1 0
github.com/hendrihmwn/crud-task-backend/repository/mongo/task.go:138.107,141.16 3 0
github.com/hendrihmwn/crud-task-backend/repository/mongo/task.go:141.16,143.3 1 0
github.com/hendrihmwn/crud-task-backend/repository/mongo/task.go:146.2,152.107 5 0
github.com/hendrihmwn/crud-task-backend/repository/mongo/task.go:152.107,154.3 1 0
github.com/hendrihmwn/crud-task-backend/repository/mongo/task.go:155.2,155.22 1 0
github.com/hendrihmwn/crud-task-backend/repository/mongo/task.go:158.71,160.16 2 0
github.com/hendrihmwn/crud-task-backend/repository/mongo/task.go:160.16,162.3 1 0
github.com/hendrihmwn/crud-task-backend/repository/mongo/task.go:163.2,164.16 2 0
github.com/hendrihmwn/crud-task-backend/repository/mongo/task.go:164.16,166.3 1 0
github.com/hendrihmwn/crud-task-backend/repository/mongo/task.go:167.2,167.27 1 0
github.com/hendrihmwn/crud-task-backend/repository/mongo/task.go:167.27,169.3 1 0
github.com/hendrihmwn/crud-task-backend/repository/mongo/task.go:170.2,170.12 1 0
github.com/hendrihmwn/crud-task-backend/repository/mongo/task.go:173.83,174.19 1 0
github.com/hendrihmwn/crud-task-backend/repository/mongo/task.go:174.19,176.3 1 0
github.com/hendrihmwn/crud-task-backend/repository/mongo/task.go:177.2,177.43 1 0
github.com/hendrihmwn/crud-task-backend/usecase/interfaces/mocks/task_mongo_repository.go:24.71,26.2 1 0
github.com/hendrihmwn/crud-task-backend/usecase/interfaces/mocks/task_mongo_repository.go:29.98,32.19 2 0
github.com/hendrihmwn/crud-task-backend/usecase/interfaces/mocks/task_mongo_repository.go:32.19,33.48 1 0
github.com/hendrihmwn/crud-task-backend/usecase/interfaces/mocks/task_mongo_repository.go:36.2,38.88 3 0
github.com/hendrihmwn/crud-task-backend/usecase/interfaces/mocks/task_mongo_repository.go:38.88,40.3 1 0
github.com/hendrihmwn/crud-task-backend/usecase/interfaces/mocks/task_mongo_repository.go:41.2,41.79 1 0
github.com/hendrihmwn/crud-task-backend/usecase/interfaces/mocks/task_mongo_repository.go:41.79,43.3 1 0
github.com/hendrihmwn/crud-task-backend/usecase/interfaces/mocks/task_mongo_repository.go:43.8,44.24 1 0
github.com/hendrihmwn/crud-task-backend/usecase/interfaces/mocks/task_mongo_repository.go:44.24,46.4 1 0
github.com/hendrihmwn/crud-task-backend/usecase/interfaces/mocks/task_mongo_repository.go:49.2,49.73 1 0
github.com/hendrihmwn/crud-task-backend/usecase/interfaces/mocks/task_mongo_repository.go:49.73,51.3 1 0
github.com/hendrihmwn/crud-task-backend/usecase/interfaces/mocks/task_mongo_repository.go:51.8,53.3 1 0
github.com/hendrihmwn/crud-task-backend/usecase/interfaces/mocks/task_mongo_repository.go:55.2,55.15 1 0
github.com/hendrihmwn/crud-task-backend/usecase/interfaces/mocks/task_mongo_repository.go:66.115,68.2 1 0
github.com/hendrihmwn/crud-task-backend/usecase/interfaces/mocks/task_mongo_repository.go:70.129,71.40 1 0
github.com/hendrihmwn/crud-task-backend/usecase/interfaces/mocks/task_mongo_repository.go:71.40,73.3 1 0
github.com/hendrihmwn/crud-task-backend/usecase/interfaces/mocks/task_mongo_repository.go:74.2,74.11 1 0
github.com/hendrihmwn/crud-task-backend/usecase/interfaces/mocks/task_mongo_repository.go:77.112,80.2 2 0
github.com/hendrihmwn/crud-task-backend/usecase/interfaces/mocks/task_mongo_repository.go:82.151,85.2 2 0
github.com/hendrihmwn/crud-task-backend/usecase/interfaces/mocks/task_mongo_repository.go:88.77,91.19 2 0
github.com/hendrihmwn/crud-task-backend/usecase/interfaces/mocks/task_mongo_repository.go:91.19,92.48 1 0
github.com/hendrihmwn/crud-task-backend/usecase/interfaces/mocks/task_mongo_repository.go:95.2,96.68 2 0
github.com/hendrihmwn/crud-task-backend/usecase/interfaces/mocks/task_mongo_repository.go:96.68,98.3 1 0
github.com/hendrihmwn/crud-task-backend/usecase/interfaces/mocks/task_mongo_repository.go:98.8,100.3 1 0
github.com/hendrihmwn/crud-task-backend/usecase/interfaces/mocks/task_mongo_repository.go:102.2,102.11 1 0
github.com/hendrihmwn/crud-task-backend/usecase/interfaces/mocks/task_mongo_repository.go:113.114,115.2 1 0
github.com/hendrihmwn/crud-task-backend/usecase/interfaces/mocks/task_mongo_repository.go:117.123,118.40 1 0
github.com/hendrihmwn/crud-task-backend/usecase/interfaces/mocks/task_mongo_repository.go:118.40,120.3 1 0
github.com/hendrihmwn/crud-task-backend/usecase/interfaces/mocks/task_mongo_repository.go:121.2,121.11 1 0
github.com/hendrihmwn/crud-task-backend/usecase/interfaces/mocks/task_mongo_repository.go:124.95,127.2 2 0
github.com/hendrihmwn/crud-task-backend/usecase/interfaces/mocks/task_mongo_repository.go:129.131,132.2 2 0
github.com/hendrihmwn/crud-task-backend/usecase/interfaces/mocks/task_mongo_repository.go:135.93,138.19 2 0
github.com/hendrihmwn/crud-task-backend/usecase/interfaces/mocks/task_mongo_repository.go:138.19,139.49 1 0
github.com/hendrihmwn/crud-task-backend/usecase/interfaces/mocks/task_mongo_repository.go:142.2,144.83 3 0
github.com/hendrihmwn/crud-task-backend/usecase/interfaces/mocks/task_mongo_repository.go:144.83,146.3 1 0
github.com/hendrihmwn/crud-task-backend/usecase/interfaces/mocks/task_mongo_repository.go:147.2,147.74 1 0
github.com/hendrihmwn/crud-task-backend/usecase/interfaces/mocks/task_mongo_repository.go:147.74,149.3 1 0
github.com/hendrihmwn/crud-task-backend/usecase/interfaces/mocks/task_mongo_repository.go:149.8,150.24 1 0
github.com/hendrihmwn/crud-task-backend/usecase/interfaces/mocks/task_mongo_repository.go:150.24,152.4 1 0
github.com/hendrihmwn/crud-task-backend/usecase/interfaces/mocks/task_mongo_repository.go:155.2,155.68 1 0
github.com/hendrihmwn/crud-task-backend/usecase/interfaces/mocks/task_mongo_repository.go:155.68,157.3 1 0
github.com/hendrihmwn/crud-task-backend/usecase/interfaces/mocks/task_mongo_repository.go:157.8,159.3 1 0
github.com/hendrihmwn/crud-task-backend/usecase/interfaces/mocks/task_mongo_repository.go:161.2,161.15 1 0
github.com/hendrihmwn/crud-task-backend/usecase/interfaces/mocks/task_mongo_repository.go:172.116,174.2 1 0
github.com/hendrihmwn/crud-task-backend/usecase/interfaces/mocks/task_mongo_repository.go:176.125,177.40 1 0
github.com/hendrihmwn/crud-task-backend/usecase/interfaces/mocks/task_mongo_repository.go:177.40,179.3 1 0
github.com/hendrihmwn/crud-task-backend/usecase/interfaces/mocks/task_mongo_repository.go:180.2,180.11 1 0
github.com/hendrihmwn/crud-task-backend/usecase/interfaces/mocks/task_mongo_repository.go:183.114,186.2 2 0
github.com/hendrihmwn/crud-task-backend/usecase/interfaces/mocks/task_mongo_repository.go:188.148,191.2 2 0
github.com/hendrihmwn/crud-task-backend/usecase/interfaces/mocks/task_mongo_repository.go:194.185,197.19 2 0
github.com/hendrihmwn/crud-task-backend/usecase/interfaces/mocks/task_mongo_repository.go:197.19,198.46 1 0
github.com/hendrihmwn/crud-task-backend/usecase/interfaces/mocks/task_mongo_repository.go:201.2,204.132 4 0
github.com/hendrihmwn/crud-task-backend/usecase/interfaces/mocks/task_mongo_repository.go:204.132,206.3 1 0
github.com/hendrihmwn/crud-task-backend/usecase/interfaces/mocks/task_mongo_repository.go:207.2,207.116 1 0
github.com/hendrihmwn/crud-task-backend/usecase/interfaces/mocks/task_mongo_repository.go:207.116,209.3 1 0
github.com/hendrihmwn/crud-task-backend/usecase/interfaces/mocks/task_mongo_repository.go:209.8,210.24 1 0
github.com/hendrihmwn/crud-task-backend/usecase/interfaces/mocks/task_mongo_repository.go:210.24,212.4 1 0
github.com/hendrihmwn/crud-task-backend/usecase/interfaces/mocks/task_mongo_repository.go:215.2,215.108 1 0
github.com/hendrihmwn/crud-task-backend/usecase/interfaces/mocks/task_mongo_repository.go:215.108,217.3 1 0
github.com/hendrihmwn/crud-task-backend/usecase/interfaces/mocks/task_mongo_repository.go:217.8,219.3 1 0
github.com/hendrihmwn/crud-task-backend/usecase/interfaces/mocks/task_mongo_repository.go:221.2,221.108 1 0
github.com/hendrihmwn/crud-task-backend/usecase/interfaces/mocks/task_mongo_repository.go:221.108,223.3 1 0
github.com/hendrihmwn/crud-task-backend/usecase/interfaces/mocks/task_mongo_repository.go:223.8,225.3 1 0
github.com/hendrihmwn/crud-task-backend/usecase/interfaces/mocks/task_mongo_repository.go:227.2,227.19 1 0
github.com/hendrihmwn/crud-task-backend/usecase/interfaces/mocks/task_mongo_repository.go:243.221,245.2 1 0
github.com/hendrihmwn/crud-task-backend/usecase/interfaces/mocks/task_mongo_repository.go:247.205,248.40 1 0
github.com/hendrihmwn/crud-task-backend/usecase/interfaces/mocks/task_mongo_repository.go:248.40,250.3 1 0
github.com/hendrihmwn/crud-task-backend/usecase/interfaces/mocks/task_mongo_repository.go:251.2,251.11 1 0
github.com/hendrihmwn/crud-task-backend/usecase/interfaces/mocks/task_mongo_repository.go:254.121,257.2 2 0
github.com/hendrihmwn/crud-task-backend/usecase/interfaces/mocks/task_mongo_repository.go:259.191,262.2 2 0
github.com/hendrihmwn/crud-task-backend/usecase/interfaces/mocks/task_mongo_repository.go:265.112,268.19 2 0
github.com/hendrihmwn/crud-task-backend/usecase/interfaces/mocks/task_mongo_repository.go:268.19,269.48 1 0
github.com/hendrihmwn/crud-task-backend/usecase/interfaces/mocks/task_mongo_repository.go:272.2,274.96 3 0
github.com/hendrihmwn/crud-task-backend/usecase/interfaces/mocks/task_mongo_repository.go:274.96,276.3 1 0
github.com/hendrihmwn/crud-task-backend/usecase/interfaces/mocks/task_mongo_repository.go:277.2,277.87 1 0
github.com/hendrihmwn/crud-task-backend/usecase/interfaces/mocks/task_mongo_repository.go:277.87,279.3 1 0
github.com/hendrihmwn/crud-task-backend/usecase/interfaces/mocks/task_mongo_repository.go:279.8,280.24 1 0
github.com/hendrihmwn/crud-task-backend/usecase/interfaces/mocks/task_mongo_repository.go:280.24,282.4 1 0
github.com/hendrihmwn/crud-task-backend/usecase/interfaces/mocks/task_mongo_repository.go:285.2,285.81 1 0
github.com/hendrihmwn/crud-task-backend/usecase/interfaces/mocks/task_mongo_repository.go:285.81,287.3 1 0
github.com/hendrihmwn/crud-task-backend/usecase/interfaces/mocks/task_mongo_repository.go:287.8,289.3 1 0
github.com/hendrihmwn/crud-task-backend/usecase/interfaces/mocks/task_mongo_repository.go:291.2,291.15 1 0
github.com/hendrihmwn/crud-task-backend/usecase/interfaces/mocks/task_mongo_repository.go:303.134,305.2 1 0
github.com/hendrihmwn/crud-task-backend/usecase/interfaces/mocks/task_mongo_repository.go:307.143,308.40 1 0
github.com/hendrihmwn/crud-task-backend/usecase/interfaces/mocks/task_mongo_repository.go:308.40,310.3 1 0
github.com/hendrihmwn/crud-task-backend/usecase/interfaces/mocks/task_mongo_repository.go:311.2,311.11 1 0
github.com/hendrihmwn/crud-task-backend/usecase/interfaces/mocks/task_mongo_repository.go:314.112,317.2 2 0
github.com/hendrihmwn/crud-task-backend/usecase/interfaces/mocks/task_mongo_repository.go:319.159,322.2 2 0
github.com/hendrihmwn/crud-task-backend/usecase/interfaces/mocks/task_mongo_repository.go:329.25,333.19 3 0
github.com/hendrihmwn/crud-task-backend/usecase/interfaces/mocks/task_mongo_repository.go:333.19,333.49 1 0
github.com/hendrihmwn/crud-task-backend/usecase/interfaces/mocks/task_mongo_repository.go:335.2,335.13 1 0
github.com/hendrihmwn/crud-task-backend/helper/config.go:14.26,16.16 2 1
github.com/hendrihmwn/crud-task-backend/helper/config.go:16.16,18.3 1 1
github.com/hendrihmwn/crud-task-backend/helper/config.go:20.2,23.3 1 1
github.com/hendrihmwn/crud-task-backend/usecase/usecase_auth.go:16.55,20.2 1 1
github.com/hendrihmwn/crud-task-backend/usecase/usecase_auth.go:22.109,28.62 4 2
github.com/hendrihmwn/crud-task-backend/usecase/usecase_auth.go:28.62,31.3 2 1
github.com/hendrihmwn/crud-task-backend/usecase/usecase_auth.go:34.2,42.16 5 1
github.com/hendrihmwn/crud-task-backend/usecase/usecase_auth.go:42.16,44.3 1 0
github.com/hendrihmwn/crud-task-backend/usecase/usecase_auth.go:46.2,50.8 2 1
github.com/hendrihmwn/crud-task-backend/usecase/usecase_task.go:16.85,20.2 1 5
github.com/hendrihmwn/crud-task-backend/usecase/usecase_task.go:22.127,24.24 2 2
github.com/hendrihmwn/crud-task-backend/usecase/usecase_task.go:24.24,28.3 1 2
github.com/hendrihmwn/crud-task-backend/usecase/usecase_task.go:30.2,38.16 2 2
github.com/hendrihmwn/crud-task-backend/usecase/usecase_task.go:38.16,40.3 1 1
github.com/hendrihmwn/crud-task-backend/usecase/usecase_task.go:41.2,42.25 2 1
github.com/hendrihmwn/crud-task-backend/usecase/usecase_task.go:42.25,50.3 1 1
github.com/hendrihmwn/crud-task-backend/usecase/usecase_task.go:51.2,51.8 1 1
github.com/hendrihmwn/crud-task-backend/usecase/usecase_task.go:54.99,56.16 2 3
github.com/hendrihmwn/crud-task-backend/usecase/usecase_task.go:56.16,57.43 1 2
github.com/hendrihmwn/crud-task-backend/usecase/usecase_task.go:57.43,59.4 1 1
github.com/hendrihmwn/crud-task-backend/usecase/usecase_task.go:60.3,60.36 1 1
github.com/hendrihmwn/crud-task-backend/usecase/usecase_task.go:63.2,70.8 2 1
github.com/hendrihmwn/crud-task-backend/usecase/usecase_task.go:73.117,80.16 2 2
github.com/hendrihmwn/crud-task-backend/usecase/usecase_task.go:80.16,82.3 1 1
github.com/hendrihmwn/crud-task-backend/usecase/usecase_task.go:84.2,91.8 2 1
github.com/hendrihmwn/crud-task-backend/usecase/usecase_task.go:94.128,97.22 2 4
github.com/hendrihmwn/crud-task-backend/usecase/usecase_task.go:97.22,99.3 1 3
github.com/hendrihmwn/crud-task-backend/usecase/usecase_task.go:100.2,100.28 1 4
github.com/hendrihmwn/crud-task-backend/usecase/usecase_task.go:100.28,102.3 1 3
github.com/hendrihmwn/crud-task-backend/usecase/usecase_task.go:103.2,103.23 1 4
github.com/hendrihmwn/crud-task-backend/usecase/usecase_task.go:103.23,105.3 1 3
github.com/hendrihmwn/crud-task-backend/usecase/usecase_task.go:107.2,107.19 1 4
github.com/hendrihmwn/crud-task-backend/usecase/usecase_task.go:107.19,109.3 1 1
github.com/hendrihmwn/crud-task-backend/usecase/usecase_task.go:111.2,112.16 2 3
github.com/hendrihmwn/crud-task-backend/usecase/usecase_task.go:112.16,113.43 1 2
github.com/hendrihmwn/crud-task-backend/usecase/usecase_task.go:113.43,115.4 1 1
github.com/hendrihmwn/crud-task-backend/usecase/usecase_task.go:116.3,116.36 1 1
github.com/hendrihmwn/crud-task-backend/usecase/usecase_task.go:119.2,126.8 2 1
github.com/hendrihmwn/crud-task-backend/usecase/usecase_task.go:129.77,132.2 2 2
github.com/hendrihmwn/crud-task-backend/usecase/interfaces/mocks/task_mongo_repository.go:24.71,26.2 1 12
github.com/hendrihmwn/crud-task-backend/usecase/interfaces/mocks/task_mongo_repository.go:29.98,32.19 2 2
github.com/hendrihmwn/crud-task-backend/usecase/interfaces/mocks/task_mongo_repository.go:32.19,33.48 1 0
github.com/hendrihmwn/crud-task-backend/usecase/interfaces/mocks/task_mongo_repository.go:36.2,38.88 3 2
github.com/hendrihmwn/crud-task-backend/usecase/interfaces/mocks/task_mongo_repository.go:38.88,40.3 1 0
github.com/hendrihmwn/crud-task-backend/usecase/interfaces/mocks/task_mongo_repository.go:41.2,41.79 1 2
github.com/hendrihmwn/crud-task-backend/usecase/interfaces/mocks/task_mongo_repository.go:41.79,43.3 1 0
github.com/hendrihmwn/crud-task-backend/usecase/interfaces/mocks/task_mongo_repository.go:43.8,44.24 1 2
github.com/hendrihmwn/crud-task-backend/usecase/interfaces/mocks/task_mongo_repository.go:44.24,46.4 1 2
github.com/hendrihmwn/crud-task-backend/usecase/interfaces/mocks/task_mongo_repository.go:49.2,49.73 1 2
github.com/hendrihmwn/crud-task-backend/usecase/interfaces/mocks/task_mongo_repository.go:49.73,51.3 1 0
github.com/hendrihmwn/crud-task-backend/usecase/interfaces/mocks/task_mongo_repository.go:51.8,53.3 1 2
github.com/hendrihmwn/crud-task-backend/usecase/interfaces/mocks/task_mongo_repository.go:55.2,55.15 1 2
github.com/hendrihmwn/crud-task-backend/usecase/interfaces/mocks/task_mongo_repository.go:66.115,68.2 1 2
github.com/hendrihmwn/crud-task-backend/usecase/interfaces/mocks/task_mongo_repository.go:70.129,71.40 1 0
github.com/hendrihmwn/crud-task-backend/usecase/interfaces/mocks/task_mongo_repository.go:71.40,73.3 1 0
github.com/hendrihmwn/crud-task-backend/usecase/interfaces/mocks/task_mongo_repository.go:74.2,74.11 1 0
github.com/hendrihmwn/crud-task-backend/usecase/interfaces/mocks/task_mongo_repository.go:77.112,80.2 2 2
github.com/hendrihmwn/crud-task-backend/usecase/interfaces/mocks/task_mongo_repository.go:82.151,85.2 2 0
github.com/hendrihmwn/crud-task-backend/usecase/interfaces/mocks/task_mongo_repository.go:88.77,91.19 2 2
github.com/hendrihmwn/crud-task-backend/usecase/interfaces/mocks/task_mongo_repository.go:91.19,92.48 1 0
github.com/hendrihmwn/crud-task-backend/usecase/interfaces/mocks/task_mongo_repository.go:95.2,96.68 2 2
github.com/hendrihmwn/crud-task-backend/usecase/interfaces/mocks/task_mongo_repository.go:96.68,98.3 1 0
github.com/hendrihmwn/crud-task-backend/usecase/interfaces/mocks/task_mongo_repository.go:98.8,100.3 1 2
github.com/hendrihmwn/crud-task-backend/usecase/interfaces/mocks/task_mongo_repository.go:102.2,102.11 1 2
github.com/hendrihmwn/crud-task-backend/usecase/interfaces/mocks/task_mongo_repository.go:113.114,115.2 1 2
github.com/hendrihmwn/crud-task-backend/usecase/interfaces/mocks/task_mongo_repository.go:117.123,118.40 1 0
github.com/hendrihmwn/crud-task-backend/usecase/interfaces/mocks/task_mongo_repository.go:118.40,120.3 1 0
github.com/hendrihmwn/crud-task-backend/usecase/interfaces/mocks/task_mongo_repository.go:121.2,121.11 1 0
github.com/hendrihmwn/crud-task-backend/usecase/interfaces/mocks/task_mongo_repository.go:124.95,127.2 2 2
github.com/hendrihmwn/crud-task-backend/usecase/interfaces/mocks/task_mongo_repository.go:129.131,132.2 2 0
github.com/hendrihmwn/crud-task-backend/usecase/interfaces/mocks/task_mongo_repository.go:135.93,138.19 2 3
github.com/hendrihmwn/crud-task-backend/usecase/interfaces/mocks/task_mongo_repository.go:138.19,139.49 1 0
github.com/hendrihmwn/crud-task-backend/usecase/interfaces/mocks/task_mongo_repository.go:142.2,144.83 3 3
github.com/hendrihmwn/crud-task-backend/usecase/interfaces/mocks/task_mongo_repository.go:144.83,146.3 1 0
github.com/hendrihmwn/crud-task-backend/usecase/interfaces/mocks/task_mongo_repository.go:147.2,147.74 1 3
github.com/hendrihmwn/crud-task-backend/usecase/interfaces/mocks/task_mongo_repository.go:147.74,149.3 1 0
github.com/hendrihmwn/crud-task-backend/usecase/interfaces/mocks/task_mongo_repository.go:149.8,150.24 1 3
github.com/hendrihmwn/crud-task-backend/usecase/interfaces/mocks/task_mongo_repository.go:150.24,152.4 1 3
github.com/hendrihmwn/crud-task-backend/usecase/interfaces/mocks/task_mongo_repository.go:155.2,155.68 1 3
github.com/hendrihmwn/crud-task-backend/usecase/interfaces/mocks/task_mongo_repository.go:155.68,157.3 1 0
github.com/hendrihmwn/crud-task-backend/usecase/interfaces/mocks/task_mongo_repository.go:157.8,159.3 1 3
github.com/hendrihmwn/crud-task-backend/usecase/interfaces/mocks/task_mongo_repository.go:161.2,161.15 1 3
github.com/hendrihmwn/crud-task-backend/usecase/interfaces/mocks/task_mongo_repository.go:172.116,174.2 1 3
github.com/hendrihmwn/crud-task-backend/usecase/interfaces/mocks/task_mongo_repository.go:176.125,177.40 1 0
github.com/hendrihmwn/crud-task-backend/usecase/interfaces/mocks/task_mongo_repository.go:177.40,179.3 1 0
github.com/hendrihmwn/crud-task-backend/usecase/interfaces/mocks/task_mongo_repository.go:180.2,180.11 1 0
github.com/hendrihmwn/crud-task-backend/usecase/interfaces/mocks/task_mongo_repository.go:183.114,186.2 2 3
github.com/hendrihmwn/crud-task-backend/usecase/interfaces/mocks/task_mongo_repository.go:188.148,191.2 2 0
github.com/hendrihmwn/crud-task-backend/usecase/interfaces/mocks/task_mongo_repository.go:194.185,197.19 2 2
github.com/hendrihmwn/crud-task-backend/usecase/interfaces/mocks/task_mongo_repository.go:197.19,198.46 1 0
github.com/hendrihmwn/crud-task-backend/usecase/interfaces/mocks/task_mongo_repository.go:201.2,204.132 4 2
github.com/hendrihmwn/crud-task-backend/usecase/interfaces/mocks/task_mongo_repository.go:204.132,206.3 1 0
github.com/hendrihmwn/crud-task-backend/usecase/interfaces/mocks/task_mongo_repository.go:207.2,207.116 1 2
github.com/hendrihmwn/crud-task-backend/usecase/interfaces/mocks/task_mongo_repository.go:207.116,209.3 1 0
github.com/hendrihmwn/crud-task-backend/usecase/interfaces/mocks/task_mongo_repository.go:209.8,210.24 1 2
github.com/hendrihmwn/crud-task-backend/usecase/interfaces/mocks/task_mongo_repository.go:210.24,212.4 1 2
github.com/hendrihmwn/crud-task-backend/usecase/interfaces/mocks/task_mongo_repository.go:215.2,215.108 1 2
github.com/hendrihmwn/crud-task-backend/usecase/interfaces/mocks/task_mongo_repository.go:215.108,217.3 1 0
github.com/hendrihmwn/crud-task-backend/usecase/interfaces/mocks/task_mongo_repository.go:217.8,219.3 1 2
github.com/hendrihmwn/crud-task-backend/usecase/interfaces/mocks/task_mongo_repository.go:221.2,221.108 1 2
github.com/hendrihmwn/crud-task-backend/usecase/interfaces/mocks/task_mongo_repository.go:221.108,223.3 1 0
github.com/hendrihmwn/crud-task-backend/usecase/interfaces/mocks/task_mongo_repository.go:223.8,225.3 1 2
github.com/hendrihmwn/crud-task-backend/usecase/interfaces/mocks/task_mongo_repository.go:227.2,227.19 1 2
github.com/hendrihmwn/crud-task-backend/usecase/interfaces/mocks/task_mongo_repository.go:243.221,245.2 1 2
github.com/hendrihmwn/crud-task-backend/usecase/interfaces/mocks/task_mongo_repository.go:247.205,248.40 1 0
github.com/hendrihmwn/crud-task-backend/usecase/interfaces/mocks/task_mongo_repository.go:248.40,250.3 1 0
github.com/hendrihmwn/crud-task-backend/usecase/interfaces/mocks/task_mongo_repository.go:251.2,251.11 1 0
github.com/hendrihmwn/crud-task-backend/usecase/interfaces/mocks/task_mongo_repository.go:254.121,257.2 2 2
github.com/hendrihmwn/crud-task-backend/usecase/interfaces/mocks/task_mongo_repository.go:259.191,262.2 2 0
github.com/hendrihmwn/crud-task-backend/usecase/interfaces/mocks/task_mongo_repository.go:265.112,268.19 2 3
github.com/hendrihmwn/crud-task-backend/usecase/interfaces/mocks/task_mongo_repository.go:268.19,269.48 1 0
github.com/hendrihmwn/crud-task-backend/usecase/interfaces/mocks/task_mongo_repository.go:272.2,274.96 3 3
github.com/hendrihmwn/crud-task-backend/usecase/interfaces/mocks/task_mongo_repository.go:274.96,276.3 1 0
github.com/hendrihmwn/crud-task-backend/usecase/interfaces/mocks/task_mongo_repository.go:277.2,277.87 1 3
github.com/hendrihmwn/crud-task-backend/usecase/interfaces/mocks/task_mongo_repository.go:277.87,279.3 1 0
github.com/hendrihmwn/crud-task-backend/usecase/interfaces/mocks/task_mongo_repository.go:279.8,280.24 1 3
github.com/hendrihmwn/crud-task-backend/usecase/interfaces/mocks/task_mongo_repository.go:280.24,282.4 1 3
github.com/hendrihmwn/crud-task-backend/usecase/interfaces/mocks/task_mongo_repository.go:285.2,285.81 1 3
github.com/hendrihmwn/crud-task-backend/usecase/interfaces/mocks/task_mongo_repository.go:285.81,287.3 1 0
github.com/hendrihmwn/crud-task-backend/usecase/interfaces/mocks/task_mongo_repository.go:287.8,289.3 1 3
github.com/hendrihmwn/crud-task-backend/usecase/interfaces/mocks/task_mongo_repository.go:291.2,291.15 1 3
github.com/hendrihmwn/crud-task-backend/usecase/interfaces/mocks/task_mongo_repository.go:303.134,305.2 1 3
github.com/hendrihmwn/crud-task-backend/usecase/interfaces/mocks/task_mongo_repository.go:307.143,308.40 1 0
github.com/hendrihmwn/crud-task-backend/usecase/interfaces/mocks/task_mongo_repository.go:308.40,310.3 1 0
github.com/hendrihmwn/crud-task-backend/usecase/interfaces/mocks/task_mongo_repository.go:311.2,311.11 1 0
github.com/hendrihmwn/crud-task-backend/usecase/interfaces/mocks/task_mongo_repository.go:314.112,317.2 2 3
github.com/hendrihmwn/crud-task-backend/usecase/interfaces/mocks/task_mongo_repository.go:319.159,322.2 2 0
github.com/hendrihmwn/crud-task-backend/usecase/interfaces/mocks/task_mongo_repository.go:329.25,333.19 3 5
github.com/hendrihmwn/crud-task-backend/usecase/interfaces/mocks/task_mongo_repository.go:333.19,333.49 1 5
github.com/hendrihmwn/crud-task-backend/usecase/interfaces/mocks/task_mongo_repository.go:335.2,335.13 1 5
github.com/hendrihmwn/crud-task-backend/handler/handler_auth.go:9.45,11.2 1 0
github.com/hendrihmwn/crud-task-backend/handler/handler_auth.go:13.45,17.16 3 3
github.com/hendrihmwn/crud-task-backend/handler/handler_auth.go:17.16,21.3 3 1
github.com/hendrihmwn/crud-task-backend/handler/handler_auth.go:23.2,24.16 2 2
github.com/hendrihmwn/crud-task-backend/handler/handler_auth.go:24.16,27.3 2 1
github.com/hendrihmwn/crud-task-backend/handler/handler_auth.go:29.2,31.4 1 1
github.com/hendrihmwn/crud-task-backend/handler/handler_task.go:9.45,16.2 6 0
github.com/hendrihmwn/crud-task-backend/handler/handler_task.go:18.48,21.16 3 3
github.com/hendrihmwn/crud-task-backend/handler/handler_task.go:21.16,24.3 2 1
github.com/hendrihmwn/crud-task-backend/handler/handler_task.go:26.2,27.16 2 2
github.com/hendrihmwn/crud-task-backend/handler/handler_task.go:27.16,30.3 2 1
github.com/hendrihmwn/crud-task-backend/handler/handler_task.go:32.2,39.4 1 1
github.com/hendrihmwn/crud-task-backend/handler/handler_task.go:42.47,45.16 3 3
github.com/hendrihmwn/crud-task-backend/handler/handler_task.go:45.16,48.3 2 0
github.com/hendrihmwn/crud-task-backend/handler/handler_task.go:50.2,51.17 2 3
github.com/hendrihmwn/crud-task-backend/handler/handler_task.go:51.17,54.3 2 1
github.com/hendrihmwn/crud-task-backend/handler/handler_task.go:55.2,55.16 1 2
github.com/hendrihmwn/crud-task-backend/handler/handler_task.go:55.16,58.3 2 1
github.com/hendrihmwn/crud-task-backend/handler/handler_task.go:60.2,62.4 1 1
github.com/hendrihmwn/crud-task-backend/handler/handler_task.go:65.50,68.16 3 3
github.com/hendrihmwn/crud-task-backend/handler/handler_task.go:68.16,71.3 2 1
github.com/hendrihmwn/crud-task-backend/handler/handler_task.go:73.2,74.16 2 2
github.com/hendrihmwn/crud-task-backend/handler/handler_task.go:74.16,77.3 2 1
github.com/hendrihmwn/crud-task-backend/handler/handler_task.go:79.2,81.4 1 1
github.com/hendrihmwn/crud-task-backend/handler/handler_task.go:84.50,87.16 3 4
github.com/hendrihmwn/crud-task-backend/handler/handler_task.go:87.16,90.3 2 0
github.com/hendrihmwn/crud-task-backend/handler/handler_task.go:92.2,94.16 3 4
github.com/hendrihmwn/crud-task-backend/handler/handler_task.go:94.16,97.3 2 1
github.com/hendrihmwn/crud-task-backend/handler/handler_task.go:99.2,100.17 2 3
github.com/hendrihmwn/crud-task-backend/handler/handler_task.go:100.17,103.3 2 1
github.com/hendrihmwn/crud-task-backend/handler/handler_task.go:104.2,104.16 1 2
github.com/hendrihmwn/crud-task-backend/handler/handler_task.go:104.16,107.3 2 1
github.com/hendrihmwn/crud-task-backend/handler/handler_task.go:109.2,111.4 1 1
github.com/hendrihmwn/crud-task-backend/handler/handler_task.go:114.50,117.16 3 2
github.com/hendrihmwn/crud-task-backend/handler/handler_task.go:117.16,120.3 2 0
github.com/hendrihmwn/crud-task-backend/handler/handler_task.go:122.2,123.16 2 2
github.com/hendrihmwn/crud-task-backend/handler/handler_task.go:123.16,126.3 2 1
github.com/hendrihmwn/crud-task-backend/handler/handler_task.go:128.2,128.32 1 1
github.com/hendrihmwn/crud-task-backend/handler/main.go:21.82,34.2 6 0
github.com/hendrihmwn/crud-task-backend/handler/middleware.go:13.39,14.30 1 0
github.com/hendrihmwn/crud-task-backend/handler/middleware.go:14.30,16.17 2 0
github.com/hendrihmwn/crud-task-backend/handler/middleware.go:16.17,19.4 2 0
github.com/hendrihmwn/crud-task-backend/handler/middleware.go:21.3,23.84 3 0
github.com/hendrihmwn/crud-task-backend/handler/middleware.go:23.84,25.4 1 0
github.com/hendrihmwn/crud-task-backend/handler/middleware.go:27.3,27.33 1 0
github.com/hendrihmwn/crud-task-backend/handler/middleware.go:27.33,30.4 2 0
github.com/hendrihmwn/crud-task-backend/handler/middleware.go:31.3,31.11 1 0
github.com/hendrihmwn/crud-task-backend/handler/middleware.go:35.62,36.30 1 0
github.com/hendrihmwn/crud-task-backend/handler/middleware.go:36.30,39.24 2 0
github.com/hendrihmwn/crud-task-backend/handler/middleware.go:39.24,48.4 5 0
github.com/hendrihmwn/crud-task-backend/handler/middleware.go:52.63,53.54 1 1
github.com/hendrihmwn/crud-task-backend/handler/middleware.go:53.54,56.26 2 1
github.com/hendrihmwn/crud-task-backend/handler/middleware.go:56.26,60.19 3 2
github.com/hendrihmwn/crud-task-backend/handler/middleware.go:61.20,62.72 1 2
github.com/hendrihmwn/crud-task-backend/handler/middleware.go:63.15,64.101 1 0
github.com/hendrihmwn/crud-task-backend/handler/middleware.go:65.12,66.68 1 0
github.com/hendrihmwn/crud-task-backend/handler/middleware.go:70.3,70.38 1 1
github.com/hendrihmwn/crud-task-backend/handler/middleware.go:73.2,73.20 1 0
github.com/hendrihmwn/crud-task-backend/handler/middleware.go:76.34,77.30 1 5
github.com/hendrihmwn/crud-task-backend/handler/middleware.go:77.30,80.3 2 15
github.com/hendrihmwn/crud-task-backend/handler/interfaces/mocks/auth_use_case.go:22.55,24.2 1 2
github.com/hendrihmwn/crud-task-backend/handler/interfaces/mocks/auth_use_case.go:27.103,30.19 2 2
github.com/hendrihmwn/crud-task-backend/handler/interfaces/mocks/auth_use_case.go:30.19,31.47 1 0
github.com/hendrihmwn/crud-task-backend/handler/interfaces/mocks/auth_use_case.go:34.2,36.100 3 2
github.com/hendrihmwn/crud-task-backend/handler/interfaces/mocks/auth_use_case.go:36.100,38.3 1 0
github.com/hendrihmwn/crud-task-backend/handler/interfaces/mocks/auth_use_case.go:39.2,39.91 1 2
github.com/hendrihmwn/crud-task-backend/handler/interfaces/mocks/auth_use_case.go:39.91,41.3 1 0
github.com/hendrihmwn/crud-task-backend/handler/interfaces/mocks/auth_use_case.go:41.8,43.3 1 2
github.com/hendrihmwn/crud-task-backend/handler/interfaces/mocks/auth_use_case.go:45.2,45.78 1 2
github.com/hendrihmwn/crud-task-backend/handler/interfaces/mocks/auth_use_case.go:45.78,47.3 1 0
github.com/hendrihmwn/crud-task-backend/handler/interfaces/mocks/auth_use_case.go:47.8,49.3 1 2
github.com/hendrihmwn/crud-task-backend/handler/interfaces/mocks/auth_use_case.go:51.2,51.15 1 2
github.com/hendrihmwn/crud-task-backend/handler/interfaces/mocks/auth_use_case.go:62.99,64.2 1 2
github.com/hendrihmwn/crud-task-backend/handler/interfaces/mocks/auth_use_case.go:66.118,67.40 1 0
github.com/hendrihmwn/crud-task-backend/handler/interfaces/mocks/auth_use_case.go:67.40,69.3 1 0
github.com/hendrihmwn/crud-task-backend/handler/interfaces/mocks/auth_use_case.go:70.2,70.11 1 0
github.com/hendrihmwn/crud-task-backend/handler/interfaces/mocks/auth_use_case.go:73.101,76.2 2 2
github.com/hendrihmwn/crud-task-backend/handler/interfaces/mocks/auth_use_case.go:78.145,81.2 2 0
github.com/hendrihmwn/crud-task-backend/handler/interfaces/mocks/auth_use_case.go:88.17,92.19 3 1
github.com/hendrihmwn/crud-task-backend/handler/interfaces/mocks/auth_use_case.go:92.19,92.49 1 1
github.com/hendrihmwn/crud-task-backend/handler/interfaces/mocks/auth_use_case.go:94.2,94.13 1 1
github.com/hendrihmwn/crud-task-backend/handler/interfaces/mocks/task_use_case.go:22.55,24.2 1 12
github.com/hendrihmwn/crud-task-backend/handler/interfaces/mocks/task_use_case.go:27.111,30.19 2 2
github.com/hendrihmwn/crud-task-backend/handler/interfaces/mocks/task_use_case.go:30.19,31.52 1 0
github.com/hendrihmwn/crud-task-backend/handler/interfaces/mocks/task_use_case.go:34.2,36.104 3 2
github.com/hendrihmwn/crud-task-backend/handler/interfaces/mocks/task_use_case.go:36.104,38.3 1 0
github.com/hendrihmwn/crud-task-backend/handler/interfaces/mocks/task_use_case.go:39.2,39.95 1 2
github.com/hendrihmwn/crud-task-backend/handler/interfaces/mocks/task_use_case.go:39.95,41.3 1 0
github.com/hendrihmwn/crud-task-backend/handler/interfaces/mocks/task_use_case.go:41.8,42.24 1 2
github.com/hendrihmwn/crud-task-backend/handler/interfaces/mocks/task_use_case.go:42.24,44.4 1 2
github.com/hendrihmwn/crud-task-backend/handler/interfaces/mocks/task_use_case.go:47.2,47.81 1 2
github.com/hendrihmwn/crud-task-backend/handler/interfaces/mocks/task_use_case.go:47.81,49.3 1 0
github.com/hendrihmwn/crud-task-backend/handler/interfaces/mocks/task_use_case.go:49.8,51.3 1 2
github.com/hendrihmwn/crud-task-backend/handler/interfaces/mocks/task_use_case.go:53.2,53.15 1 2
github.com/hendrihmwn/crud-task-backend/handler/interfaces/mocks/task_use_case.go:64.108,66.2 1 2
github.com/hendrihmwn/crud-task-backend/handler/interfaces/mocks/task_use_case.go:68.130,69.40 1 0
github.com/hendrihmwn/crud-task-backend/handler/interfaces/mocks/task_use_case.go:69.40,71.3 1 0
github.com/hendrihmwn/crud-task-backend/handler/interfaces/mocks/task_use_case.go:72.2,72.11 1 0
github.com/hendrihmwn/crud-task-backend/handler/interfaces/mocks/task_use_case.go:75.112,78.2 2 2
github.com/hendrihmwn/crud-task-backend/handler/interfaces/mocks/task_use_case.go:80.159,83.2 2 0
github.com/hendrihmwn/crud-task-backend/handler/interfaces/mocks/task_use_case.go:86.73,89.19 2 2
github.com/hendrihmwn/crud-task-backend/handler/interfaces/mocks/task_use_case.go:89.19,90.52 1 0
github.com/hendrihmwn/crud-task-backend/handler/interfaces/mocks/task_use_case.go:93.2,94.68 2 2
github.com/hendrihmwn/crud-task-backend/handler/interfaces/mocks/task_use_case.go:94.68,96.3 1 0
github.com/hendrihmwn/crud-task-backend/handler/interfaces/mocks/task_use_case.go:96.8,98.3 1 2
github.com/hendrihmwn/crud-task-backend/handler/interfaces/mocks/task_use_case.go:100.2,100.11 1 2
github.com/hendrihmwn/crud-task-backend/handler/interfaces/mocks/task_use_case.go:111.106,113.2 1 2
github.com/hendrihmwn/crud-task-backend/handler/interfaces/mocks/task_use_case.go:115.115,116.40 1 0
github.com/hendrihmwn/crud-task-backend/handler/interfaces/mocks/task_use_case.go:116.40,118.3 1 0
github.com/hendrihmwn/crud-task-backend/handler/interfaces/mocks/task_use_case.go:119.2,119.11 1 0
github.com/hendrihmwn/crud-task-backend/handler/interfaces/mocks/task_use_case.go:122.87,125.2 2 2
github.com/hendrihmwn/crud-task-backend/handler/interfaces/mocks/task_use_case.go:127.123,130.2 2 0
github.com/hendrihmwn/crud-task-backend/handler/interfaces/mocks/task_use_case.go:133.93,136.19 2 3
github.com/hendrihmwn/crud-task-backend/handler/interfaces/mocks/task_use_case.go:136.19,137.49 1 0
github.com/hendrihmwn/crud-task-backend/handler/interfaces/mocks/task_use_case.go:140.2,142.91 3 3
github.com/hendrihmwn/crud-task-backend/handler/interfaces/mocks/task_use_case.go:142.91,144.3 1 0
github.com/hendrihmwn/crud-task-backend/handler/interfaces/mocks/task_use_case.go:145.2,145.82 1 3
github.com/hendrihmwn/crud-task-backend/handler/interfaces/mocks/task_use_case.go:145.82,147.3 1 0
github.com/hendrihmwn/crud-task-backend/handler/interfaces/mocks/task_use_case.go:147.8,148.24 1 3
github.com/hendrihmwn/crud-task-backend/handler/interfaces/mocks/task_use_case.go:148.24,150.4 1 3
github.com/hendrihmwn/crud-task-backend/handler/interfaces/mocks/task_use_case.go:153.2,153.68 1 3
github.com/hendrihmwn/crud-task-backend/handler/interfaces/mocks/task_use_case.go:153.68,155.3 1 0
github.com/hendrihmwn/crud-task-backend/handler/interfaces/mocks/task_use_case.go:155.8,157.3 1 3
github.com/hendrihmwn/crud-task-backend/handler/interfaces/mocks/task_use_case.go:159.2,159.15 1 3
github.com/hendrihmwn/crud-task-backend/handler/interfaces/mocks/task_use_case.go:170.100,172.2 1 3
github.com/hendrihmwn/crud-task-backend/handler/interfaces/mocks/task_use_case.go:174.109,175.40 1 0
github.com/hendrihmwn/crud-task-backend/handler/interfaces/mocks/task_use_case.go:175.40,177.3 1 0
github.com/hendrihmwn/crud-task-backend/handler/interfaces/mocks/task_use_case.go:178.2,178.11 1 0
github.com/hendrihmwn/crud-task-backend/handler/interfaces/mocks/task_use_case.go:181.106,184.2 2 3
github.com/hendrihmwn/crud-task-backend/handler/interfaces/mocks/task_use_case.go:186.140,189.2 2 0
github.com/hendrihmwn/crud-task-backend/handler/interfaces/mocks/task_use_case.go:192.116,195.19 2 2
github.com/hendrihmwn/crud-task-backend/handler/interfaces/mocks/task_use_case.go:195.19,196.50 1 0
github.com/hendrihmwn/crud-task-backend/handler/interfaces/mocks/task_use_case.go:199.2,202.110 4 2
github.com/hendrihmwn/crud-task-backend/handler/interfaces/mocks/task_use_case.go:202.110,204.3 1 0
github.com/hendrihmwn/crud-task-backend/handler/interfaces/mocks/task_use_case.go:205.2,205.96 1 2
github.com/hendrihmwn/crud-task-backend/handler/interfaces/mocks/task_use_case.go:205.96,207.3 1 0
github.com/hendrihmwn/crud-task-backend/handler/interfaces/mocks/task_use_case.go:207.8,208.24 1 2
github.com/hendrihmwn/crud-task-backend/handler/interfaces/mocks/task_use_case.go:208.24,210.4 1 2
github.com/hendrihmwn/crud-task-backend/handler/interfaces/mocks/task_use_case.go:213.2,213.79 1 2
github.com/hendrihmwn/crud-task-backend/handler/interfaces/mocks/task_use_case.go:213.79,215.3 1 0
github.com/hendrihmwn/crud-task-backend/handler/interfaces/mocks/task_use_case.go:215.8,217.3 1 2
github.com/hendrihmwn/crud-task-backend/handler/interfaces/mocks/task_use_case.go:219.2,219.81 1 2
github.com/hendrihmwn/crud-task-backend/handler/interfaces/mocks/task_use_case.go:219.81,221.3 1 0
github.com/hendrihmwn/crud-task-backend/handler/interfaces/mocks/task_use_case.go:221.8,223.3 1 2
github.com/hendrihmwn/crud-task-backend/handler/interfaces/mocks/task_use_case.go:225.2,225.19 1 2
github.com/hendrihmwn/crud-task-backend/handler/interfaces/mocks/task_use_case.go:236.105,238.2 1 2
github.com/hendrihmwn/crud-task-backend/handler/interfaces/mocks/task_use_case.go:240.127,241.40 1 0
github.com/hendrihmwn/crud-task-backend/handler/interfaces/mocks/task_use_case.go:241.40,243.3 1 0
github.com/hendrihmwn/crud-task-backend/handler/interfaces/mocks/task_use_case.go:244.2,244.11 1 0
github.com/hendrihmwn/crud-task-backend/handler/interfaces/mocks/task_use_case.go:247.119,250.2 2 2
github.com/hendrihmwn/crud-task-backend/handler/interfaces/mocks/task_use_case.go:252.161,255.2 2 0
github.com/hendrihmwn/crud-task-backend/handler/interfaces/mocks/task_use_case.go:258.122,261.19 2 3
github.com/hendrihmwn/crud-task-backend/handler/interfaces/mocks/task_use_case.go:261.19,262.52 1 0
github.com/hendrihmwn/crud-task-backend/handler/interfaces/mocks/task_use_case.go:265.2,267.112 3 3
github.com/hendrihmwn/crud-task-backend/handler/interfaces/mocks/task_use_case.go:267.112,269.3 1 0
github.com/hendrihmwn/crud-task-backend/handler/interfaces/mocks/task_use_case.go:270.2,270.103 1 3
github.com/hendrihmwn/crud-task-backend/handler/interfaces/mocks/task_use_case.go:270.103,272.3 1 0
github.com/hendrihmwn/crud-task-backend/handler/interfaces/mocks/task_use_case.go:272.8,273.24 1 3
github.com/hendrihmwn/crud-task-backend/handler/interfaces/mocks/task_use_case.go:273.24,275.4 1 3
github.com/hendrihmwn/crud-task-backend/handler/interfaces/mocks/task_use_case.go:278.2,278.89 1 3
github.com/hendrihmwn/crud-task-backend/handler/interfaces/mocks/task_use_case.go:278.89,280.3 1 0
github.com/hendrihmwn/crud-task-backend/handler/interfaces/mocks/task_use_case.go:280.8,282.3 1 3
github.com/hendrihmwn/crud-task-backend/handler/interfaces/mocks/task_use_case.go:284.2,284.15 1 3
github.com/hendrihmwn/crud-task-backend/handler/interfaces/mocks/task_use_case.go:296.124,298.2 1 3
github.com/hendrihmwn/crud-task-backend/handler/interfaces/mocks/task_use_case.go:300.141,301.40 1 0
github.com/hendrihmwn/crud-task-backend/handler/interfaces/mocks/task_use_case.go:301.40,303.3 1 0
github.com/hendrihmwn/crud-task-backend/handler/interfaces/mocks/task_use_case.go:304.2,304.11 1 0
github.com/hendrihmwn/crud-task-backend/handler/interfaces/mocks/task_use_case.go:307.112,310.2 2 3
github.com/hendrihmwn/crud-task-backend/handler/interfaces/mocks/task_use_case.go:312.167,315.2 2 0
github.com/hendrihmwn/crud-task-backend/handler/interfaces/mocks/task_use_case.go:322.17,326.19 3 5
github.com/hendrihmwn/crud-task-backend/handler/interfaces/mocks/task_use_case.go:326.19,326.49 1 5
github.com/hendrihmwn/crud-task-backend/handler/interfaces/mocks/task_use_case.go:328.2,328.13 1 5
github.com/hendrihmwn/crud-task-backend/helper/config.go:14.26,16.16 2 0
github.com/hendrihmwn/crud-task-backend/helper/config.go:16.16,18.3 1 0
github.com/hendrihmwn/crud-task-backend/helper/config.go:20.2,23.3 1 0
github.com/hendrihmwn/crud-task-backend/repository/mongo/task.go:19.87,24.2 3 0
github.com/hendrihmwn/crud-task-backend/repository/mongo/task.go:26.71,44.2 4 0
github.com/hendrihmwn/crud-task-backend/repository/mongo/task.go:46.100,48.16 2 0
github.com/hendrihmwn/crud-task-backend/repository/mongo/task.go:48.16,50.3 1 0
github.com/hendrihmwn/crud-task-backend/repository/mongo/task.go:51.2,53.21 3 0
github.com/hendrihmwn/crud-task-backend/repository/mongo/task.go:53.21,55.3 1 0
github.com/hendrihmwn/crud-task-backend/repository/mongo/task.go:56.2,57.16 2 0
github.com/hendrihmwn/crud-task-backend/repository/mongo/task.go:57.16,59.3 1 0
github.com/hendrihmwn/crud-task-backend/repository/mongo/task.go:60.2,60.17 1 0
github.com/hendrihmwn/crud-task-backend/repository/mongo/task.go:63.95,66.16 3 0
github.com/hendrihmwn/crud-task-backend/repository/mongo/task.go:66.16,68.3 1 0
github.com/hendrihmwn/crud-task-backend/repository/mongo/task.go:69.2,69.75 1 0
github.com/hendrihmwn/crud-task-backend/repository/mongo/task.go:69.75,71.3 1 0
github.com/hendrihmwn/crud-task-backend/repository/mongo/task.go:72.2,72.16 1 0
github.com/hendrihmwn/crud-task-backend/repository/mongo/task.go:75.168,76.19 1 0
github.com/hendrihmwn/crud-task-backend/repository/mongo/task.go:76.19,78.3 1 0
github.com/hendrihmwn/crud-task-backend/repository/mongo/task.go:81.2,81.22 1 0
github.com/hendrihmwn/crud-task-backend/repository/mongo/task.go:81.22,85.23 2 0
github.com/hendrihmwn/crud-task-backend/repository/mongo/task.go:85.23,87.4 1 0
github.com/hendrihmwn/crud-task-backend/repository/mongo/task.go:87.9,89.4 1 0
github.com/hendrihmwn/crud-task-backend/repository/mongo/task.go:93.2,94.16 2 0
github.com/hendrihmwn/crud-task-backend/repository/mongo/task.go:94.16,96.3 1 0
github.com/hendrihmwn/crud-task-backend/repository/mongo/task.go:98.2,101.15 2 0
github.com/hendrihmwn/crud-task-backend/repository/mongo/task.go:101.15,102.16 1 0
github.com/hendrihmwn/crud-task-backend/repository/mongo/task.go:102.16,104.4 1 0
github.com/hendrihmwn/crud-task-backend/repository/mongo/task.go:105.3,107.24 3 0
github.com/hendrihmwn/crud-task-backend/repository/mongo/task.go:111.2,111.21 1 0
github.com/hendrihmwn/crud-task-backend/repository/mongo/task.go:111.21,112.40 1 0
github.com/hendrihmwn/crud-task-backend/repository/mongo/task.go:112.40,114.4 1 0
github.com/hendrihmwn/crud-task-backend/repository/mongo/task.go:115.3,115.61 1 0
github.com/hendrihmwn/crud-task-backend/repository/mongo/task.go:118.2,119.16 2 0
github.com/hendrihmwn/crud-task-backend/repository/mongo/task.go:119.16,121.3 1 0
github.com/hendrihmwn/crud-task-backend/repository/mongo/task.go:122.2,125.20 3 0
github.com/hendrihmwn/crud-task-backend/repository/mongo/task.go:125.20,127.40 2 0
github.com/hendrihmwn/crud-task-backend/repository/mongo/task.go:127.40,129.4 1 0
github.com/hendrihmwn/crud-task-backend/repository/mongo/task.go:130.3,130.30 1 0
github.com/hendrihmwn/crud-task-backend/repository/mongo/task.go:132.2,132.34 1 0
github.com/hendrihmwn/crud-task-backend/repository/mongo/task.go:132.34,134.3 1 0
github.com/hendrihmwn/crud-task-backend/repository/mongo/task.go:135.2,135.27 1 0
github.com/hendrihmwn/crud-task-backend/repository/mongo/task.go:138.107,141.16 3 0
github.com/hendrihmwn/crud-task-backend/repository/mongo/task.go:141.16,143.3 1 0
github.com/hendrihmwn/crud-task-backend/repository/mongo/task.go:146.2,152.107 5 0
github.com/hendrihmwn/crud-task-backend/repository/mongo/task.go:152.107,154.3 1 0
github.com/hendrihmwn/crud-task-backend/repository/mongo/task.go:155.2,155.22 1 0
github.com/hendrihmwn/crud-task-backend/repository/mongo/task.go:158.71,160.16 2 0
github.com/hendrihmwn/crud-task-backend/repository/mongo/task.go:160.16,162.3 1 0
github.com/hendrihmwn/crud-task-backend/repository/mongo/task.go:163.2,164.16 2 0
github.com/hendrihmwn/crud-task-backend/repository/mongo/task.go:164.16,166.3 1 0
github.com/hendrihmwn/crud-task-backend/repository/mongo/task.go:167.2,167.27 1 0
github.com/hendrihmwn/crud-task-backend/repository/mongo/task.go:167.27,169.3 1 0
github.com/hendrihmwn/crud-task-backend/repository/mongo/task.go:170.2,170.12 1 0
github.com/hendrihmwn/crud-task-backend/repository/mongo/task.go:173.83,174.19 1 0
github.com/hendrihmwn/crud-task-backend/repository/mongo/task.go:174.19,176.3 1 0
github.com/hendrihmwn/crud-task-backend/repository/mongo/task.go:177.2,177.43 1 0
